
> version-suppression-poi-douce@1.0.0 dev
> vite


  VITE v7.3.1  ready in 370 ms

  ➜  Local:   http://localhost:5173/history-walk/
  ➜  Network: use --host to expose
(!) Failed to run dependency scan. Skipping dependency pre-bundling. Error:   Failed to scan for dependencies from entries:
  /app/index.html
/app/fusion.html

  [31m✘ [41;31m[[41;97mERROR[41;31m][0m [1mThe symbol "urlParams" has already been declared[0m

    src/main.js:295:10:
[37m      295 │     const [32murlParams[37m = new URLSearchParams(window.location.search);
          ╵           [32m~~~~~~~~~[0m

  The symbol "urlParams" was originally declared here:

    src/main.js:167:10:
[37m      167 │     const [32murlParams[37m = new URLSearchParams(window.location.search);
          ╵           [32m~~~~~~~~~[0m


    at failureErrorWithLog (/app/node_modules/esbuild/lib/main.js:1467:15)
    at /app/node_modules/esbuild/lib/main.js:926:25
    at runOnEndCallbacks (/app/node_modules/esbuild/lib/main.js:1307:45)
    at buildResponseToResult (/app/node_modules/esbuild/lib/main.js:924:7)
    at /app/node_modules/esbuild/lib/main.js:936:9
    at new Promise (<anonymous>)
    at requestCallbacks.on-end (/app/node_modules/esbuild/lib/main.js:935:54)
    at handleRequest (/app/node_modules/esbuild/lib/main.js:628:17)
    at handleIncomingPacket (/app/node_modules/esbuild/lib/main.js:653:7)
    at Socket.readFromStdout (/app/node_modules/esbuild/lib/main.js:581:7)
